mode: atomic
harmony-server/server/db/queries/db.go:18.28,20.2 1 0
harmony-server/server/db/queries/db.go:22.62,25.82 3 0
harmony-server/server/db/queries/db.go:28.2,28.78 1 0
harmony-server/server/db/queries/db.go:31.2,31.84 1 0
harmony-server/server/db/queries/db.go:34.2,34.80 1 0
harmony-server/server/db/queries/db.go:37.2,37.76 1 0
harmony-server/server/db/queries/db.go:40.2,40.76 1 0
harmony-server/server/db/queries/db.go:43.2,43.76 1 0
harmony-server/server/db/queries/db.go:46.2,46.70 1 0
harmony-server/server/db/queries/db.go:49.2,49.84 1 0
harmony-server/server/db/queries/db.go:52.2,52.82 1 0
harmony-server/server/db/queries/db.go:55.2,55.78 1 0
harmony-server/server/db/queries/db.go:58.2,58.90 1 0
harmony-server/server/db/queries/db.go:61.2,61.82 1 0
harmony-server/server/db/queries/db.go:64.2,64.78 1 0
harmony-server/server/db/queries/db.go:67.2,67.80 1 0
harmony-server/server/db/queries/db.go:70.2,70.82 1 0
harmony-server/server/db/queries/db.go:73.2,73.78 1 0
harmony-server/server/db/queries/db.go:76.2,76.84 1 0
harmony-server/server/db/queries/db.go:79.2,79.84 1 0
harmony-server/server/db/queries/db.go:82.2,82.74 1 0
harmony-server/server/db/queries/db.go:85.2,85.78 1 0
harmony-server/server/db/queries/db.go:88.2,88.82 1 0
harmony-server/server/db/queries/db.go:91.2,91.80 1 0
harmony-server/server/db/queries/db.go:94.2,94.86 1 0
harmony-server/server/db/queries/db.go:97.2,97.82 1 0
harmony-server/server/db/queries/db.go:100.2,100.86 1 0
harmony-server/server/db/queries/db.go:103.2,103.84 1 0
harmony-server/server/db/queries/db.go:106.2,106.76 1 0
harmony-server/server/db/queries/db.go:109.2,109.88 1 0
harmony-server/server/db/queries/db.go:112.2,112.84 1 0
harmony-server/server/db/queries/db.go:115.2,115.78 1 0
harmony-server/server/db/queries/db.go:118.2,118.70 1 0
harmony-server/server/db/queries/db.go:121.2,121.84 1 0
harmony-server/server/db/queries/db.go:124.2,124.90 1 0
harmony-server/server/db/queries/db.go:127.2,127.82 1 0
harmony-server/server/db/queries/db.go:130.2,130.86 1 0
harmony-server/server/db/queries/db.go:133.2,133.90 1 0
harmony-server/server/db/queries/db.go:136.2,136.78 1 0
harmony-server/server/db/queries/db.go:139.2,139.94 1 0
harmony-server/server/db/queries/db.go:142.2,142.84 1 0
harmony-server/server/db/queries/db.go:145.2,145.86 1 0
harmony-server/server/db/queries/db.go:148.2,148.80 1 0
harmony-server/server/db/queries/db.go:151.2,151.86 1 0
harmony-server/server/db/queries/db.go:154.2,154.74 1 0
harmony-server/server/db/queries/db.go:157.2,157.80 1 0
harmony-server/server/db/queries/db.go:160.2,160.86 1 0
harmony-server/server/db/queries/db.go:163.2,163.96 1 0
harmony-server/server/db/queries/db.go:166.2,166.96 1 0
harmony-server/server/db/queries/db.go:169.2,169.94 1 0
harmony-server/server/db/queries/db.go:172.2,172.84 1 0
harmony-server/server/db/queries/db.go:175.2,175.78 1 0
harmony-server/server/db/queries/db.go:178.2,178.16 1 0
harmony-server/server/db/queries/db.go:25.82,27.3 1 0
harmony-server/server/db/queries/db.go:28.78,30.3 1 0
harmony-server/server/db/queries/db.go:31.84,33.3 1 0
harmony-server/server/db/queries/db.go:34.80,36.3 1 0
harmony-server/server/db/queries/db.go:37.76,39.3 1 0
harmony-server/server/db/queries/db.go:40.76,42.3 1 0
harmony-server/server/db/queries/db.go:43.76,45.3 1 0
harmony-server/server/db/queries/db.go:46.70,48.3 1 0
harmony-server/server/db/queries/db.go:49.84,51.3 1 0
harmony-server/server/db/queries/db.go:52.82,54.3 1 0
harmony-server/server/db/queries/db.go:55.78,57.3 1 0
harmony-server/server/db/queries/db.go:58.90,60.3 1 0
harmony-server/server/db/queries/db.go:61.82,63.3 1 0
harmony-server/server/db/queries/db.go:64.78,66.3 1 0
harmony-server/server/db/queries/db.go:67.80,69.3 1 0
harmony-server/server/db/queries/db.go:70.82,72.3 1 0
harmony-server/server/db/queries/db.go:73.78,75.3 1 0
harmony-server/server/db/queries/db.go:76.84,78.3 1 0
harmony-server/server/db/queries/db.go:79.84,81.3 1 0
harmony-server/server/db/queries/db.go:82.74,84.3 1 0
harmony-server/server/db/queries/db.go:85.78,87.3 1 0
harmony-server/server/db/queries/db.go:88.82,90.3 1 0
harmony-server/server/db/queries/db.go:91.80,93.3 1 0
harmony-server/server/db/queries/db.go:94.86,96.3 1 0
harmony-server/server/db/queries/db.go:97.82,99.3 1 0
harmony-server/server/db/queries/db.go:100.86,102.3 1 0
harmony-server/server/db/queries/db.go:103.84,105.3 1 0
harmony-server/server/db/queries/db.go:106.76,108.3 1 0
harmony-server/server/db/queries/db.go:109.88,111.3 1 0
harmony-server/server/db/queries/db.go:112.84,114.3 1 0
harmony-server/server/db/queries/db.go:115.78,117.3 1 0
harmony-server/server/db/queries/db.go:118.70,120.3 1 0
harmony-server/server/db/queries/db.go:121.84,123.3 1 0
harmony-server/server/db/queries/db.go:124.90,126.3 1 0
harmony-server/server/db/queries/db.go:127.82,129.3 1 0
harmony-server/server/db/queries/db.go:130.86,132.3 1 0
harmony-server/server/db/queries/db.go:133.90,135.3 1 0
harmony-server/server/db/queries/db.go:136.78,138.3 1 0
harmony-server/server/db/queries/db.go:139.94,141.3 1 0
harmony-server/server/db/queries/db.go:142.84,144.3 1 0
harmony-server/server/db/queries/db.go:145.86,147.3 1 0
harmony-server/server/db/queries/db.go:148.80,150.3 1 0
harmony-server/server/db/queries/db.go:151.86,153.3 1 0
harmony-server/server/db/queries/db.go:154.74,156.3 1 0
harmony-server/server/db/queries/db.go:157.80,159.3 1 0
harmony-server/server/db/queries/db.go:160.86,162.3 1 0
harmony-server/server/db/queries/db.go:163.96,165.3 1 0
harmony-server/server/db/queries/db.go:166.96,168.3 1 0
harmony-server/server/db/queries/db.go:169.94,171.3 1 0
harmony-server/server/db/queries/db.go:172.84,174.3 1 0
harmony-server/server/db/queries/db.go:175.78,177.3 1 0
harmony-server/server/db/queries/db.go:181.33,183.32 2 0
harmony-server/server/db/queries/db.go:188.2,188.30 1 0
harmony-server/server/db/queries/db.go:193.2,193.33 1 0
harmony-server/server/db/queries/db.go:198.2,198.31 1 0
harmony-server/server/db/queries/db.go:203.2,203.29 1 0
harmony-server/server/db/queries/db.go:208.2,208.29 1 0
harmony-server/server/db/queries/db.go:213.2,213.29 1 0
harmony-server/server/db/queries/db.go:218.2,218.26 1 0
harmony-server/server/db/queries/db.go:223.2,223.33 1 0
harmony-server/server/db/queries/db.go:228.2,228.32 1 0
harmony-server/server/db/queries/db.go:233.2,233.30 1 0
harmony-server/server/db/queries/db.go:238.2,238.36 1 0
harmony-server/server/db/queries/db.go:243.2,243.32 1 0
harmony-server/server/db/queries/db.go:248.2,248.30 1 0
harmony-server/server/db/queries/db.go:253.2,253.31 1 0
harmony-server/server/db/queries/db.go:258.2,258.32 1 0
harmony-server/server/db/queries/db.go:263.2,263.30 1 0
harmony-server/server/db/queries/db.go:268.2,268.33 1 0
harmony-server/server/db/queries/db.go:273.2,273.33 1 0
harmony-server/server/db/queries/db.go:278.2,278.28 1 0
harmony-server/server/db/queries/db.go:283.2,283.30 1 0
harmony-server/server/db/queries/db.go:288.2,288.32 1 0
harmony-server/server/db/queries/db.go:293.2,293.31 1 0
harmony-server/server/db/queries/db.go:298.2,298.34 1 0
harmony-server/server/db/queries/db.go:303.2,303.32 1 0
harmony-server/server/db/queries/db.go:308.2,308.34 1 0
harmony-server/server/db/queries/db.go:313.2,313.33 1 0
harmony-server/server/db/queries/db.go:318.2,318.29 1 0
harmony-server/server/db/queries/db.go:323.2,323.35 1 0
harmony-server/server/db/queries/db.go:328.2,328.33 1 0
harmony-server/server/db/queries/db.go:333.2,333.30 1 0
harmony-server/server/db/queries/db.go:338.2,338.26 1 0
harmony-server/server/db/queries/db.go:343.2,343.33 1 0
harmony-server/server/db/queries/db.go:348.2,348.36 1 0
harmony-server/server/db/queries/db.go:353.2,353.32 1 0
harmony-server/server/db/queries/db.go:358.2,358.34 1 0
harmony-server/server/db/queries/db.go:363.2,363.36 1 0
harmony-server/server/db/queries/db.go:368.2,368.30 1 0
harmony-server/server/db/queries/db.go:373.2,373.38 1 0
harmony-server/server/db/queries/db.go:378.2,378.33 1 0
harmony-server/server/db/queries/db.go:383.2,383.34 1 0
harmony-server/server/db/queries/db.go:388.2,388.31 1 0
harmony-server/server/db/queries/db.go:393.2,393.34 1 0
harmony-server/server/db/queries/db.go:398.2,398.28 1 0
harmony-server/server/db/queries/db.go:403.2,403.31 1 0
harmony-server/server/db/queries/db.go:408.2,408.34 1 0
harmony-server/server/db/queries/db.go:413.2,413.39 1 0
harmony-server/server/db/queries/db.go:418.2,418.39 1 0
harmony-server/server/db/queries/db.go:423.2,423.38 1 0
harmony-server/server/db/queries/db.go:428.2,428.33 1 0
harmony-server/server/db/queries/db.go:433.2,433.30 1 0
harmony-server/server/db/queries/db.go:438.2,438.12 1 0
harmony-server/server/db/queries/db.go:183.32,184.55 1 0
harmony-server/server/db/queries/db.go:184.55,186.4 1 0
harmony-server/server/db/queries/db.go:188.30,189.53 1 0
harmony-server/server/db/queries/db.go:189.53,191.4 1 0
harmony-server/server/db/queries/db.go:193.33,194.56 1 0
harmony-server/server/db/queries/db.go:194.56,196.4 1 0
harmony-server/server/db/queries/db.go:198.31,199.54 1 0
harmony-server/server/db/queries/db.go:199.54,201.4 1 0
harmony-server/server/db/queries/db.go:203.29,204.52 1 0
harmony-server/server/db/queries/db.go:204.52,206.4 1 0
harmony-server/server/db/queries/db.go:208.29,209.52 1 0
harmony-server/server/db/queries/db.go:209.52,211.4 1 0
harmony-server/server/db/queries/db.go:213.29,214.52 1 0
harmony-server/server/db/queries/db.go:214.52,216.4 1 0
harmony-server/server/db/queries/db.go:218.26,219.49 1 0
harmony-server/server/db/queries/db.go:219.49,221.4 1 0
harmony-server/server/db/queries/db.go:223.33,224.56 1 0
harmony-server/server/db/queries/db.go:224.56,226.4 1 0
harmony-server/server/db/queries/db.go:228.32,229.55 1 0
harmony-server/server/db/queries/db.go:229.55,231.4 1 0
harmony-server/server/db/queries/db.go:233.30,234.53 1 0
harmony-server/server/db/queries/db.go:234.53,236.4 1 0
harmony-server/server/db/queries/db.go:238.36,239.59 1 0
harmony-server/server/db/queries/db.go:239.59,241.4 1 0
harmony-server/server/db/queries/db.go:243.32,244.55 1 0
harmony-server/server/db/queries/db.go:244.55,246.4 1 0
harmony-server/server/db/queries/db.go:248.30,249.53 1 0
harmony-server/server/db/queries/db.go:249.53,251.4 1 0
harmony-server/server/db/queries/db.go:253.31,254.54 1 0
harmony-server/server/db/queries/db.go:254.54,256.4 1 0
harmony-server/server/db/queries/db.go:258.32,259.55 1 0
harmony-server/server/db/queries/db.go:259.55,261.4 1 0
harmony-server/server/db/queries/db.go:263.30,264.53 1 0
harmony-server/server/db/queries/db.go:264.53,266.4 1 0
harmony-server/server/db/queries/db.go:268.33,269.56 1 0
harmony-server/server/db/queries/db.go:269.56,271.4 1 0
harmony-server/server/db/queries/db.go:273.33,274.56 1 0
harmony-server/server/db/queries/db.go:274.56,276.4 1 0
harmony-server/server/db/queries/db.go:278.28,279.51 1 0
harmony-server/server/db/queries/db.go:279.51,281.4 1 0
harmony-server/server/db/queries/db.go:283.30,284.53 1 0
harmony-server/server/db/queries/db.go:284.53,286.4 1 0
harmony-server/server/db/queries/db.go:288.32,289.55 1 0
harmony-server/server/db/queries/db.go:289.55,291.4 1 0
harmony-server/server/db/queries/db.go:293.31,294.54 1 0
harmony-server/server/db/queries/db.go:294.54,296.4 1 0
harmony-server/server/db/queries/db.go:298.34,299.57 1 0
harmony-server/server/db/queries/db.go:299.57,301.4 1 0
harmony-server/server/db/queries/db.go:303.32,304.55 1 0
harmony-server/server/db/queries/db.go:304.55,306.4 1 0
harmony-server/server/db/queries/db.go:308.34,309.57 1 0
harmony-server/server/db/queries/db.go:309.57,311.4 1 0
harmony-server/server/db/queries/db.go:313.33,314.56 1 0
harmony-server/server/db/queries/db.go:314.56,316.4 1 0
harmony-server/server/db/queries/db.go:318.29,319.52 1 0
harmony-server/server/db/queries/db.go:319.52,321.4 1 0
harmony-server/server/db/queries/db.go:323.35,324.58 1 0
harmony-server/server/db/queries/db.go:324.58,326.4 1 0
harmony-server/server/db/queries/db.go:328.33,329.56 1 0
harmony-server/server/db/queries/db.go:329.56,331.4 1 0
harmony-server/server/db/queries/db.go:333.30,334.53 1 0
harmony-server/server/db/queries/db.go:334.53,336.4 1 0
harmony-server/server/db/queries/db.go:338.26,339.49 1 0
harmony-server/server/db/queries/db.go:339.49,341.4 1 0
harmony-server/server/db/queries/db.go:343.33,344.56 1 0
harmony-server/server/db/queries/db.go:344.56,346.4 1 0
harmony-server/server/db/queries/db.go:348.36,349.59 1 0
harmony-server/server/db/queries/db.go:349.59,351.4 1 0
harmony-server/server/db/queries/db.go:353.32,354.55 1 0
harmony-server/server/db/queries/db.go:354.55,356.4 1 0
harmony-server/server/db/queries/db.go:358.34,359.57 1 0
harmony-server/server/db/queries/db.go:359.57,361.4 1 0
harmony-server/server/db/queries/db.go:363.36,364.59 1 0
harmony-server/server/db/queries/db.go:364.59,366.4 1 0
harmony-server/server/db/queries/db.go:368.30,369.53 1 0
harmony-server/server/db/queries/db.go:369.53,371.4 1 0
harmony-server/server/db/queries/db.go:373.38,374.61 1 0
harmony-server/server/db/queries/db.go:374.61,376.4 1 0
harmony-server/server/db/queries/db.go:378.33,379.56 1 0
harmony-server/server/db/queries/db.go:379.56,381.4 1 0
harmony-server/server/db/queries/db.go:383.34,384.57 1 0
harmony-server/server/db/queries/db.go:384.57,386.4 1 0
harmony-server/server/db/queries/db.go:388.31,389.54 1 0
harmony-server/server/db/queries/db.go:389.54,391.4 1 0
harmony-server/server/db/queries/db.go:393.34,394.57 1 0
harmony-server/server/db/queries/db.go:394.57,396.4 1 0
harmony-server/server/db/queries/db.go:398.28,399.51 1 0
harmony-server/server/db/queries/db.go:399.51,401.4 1 0
harmony-server/server/db/queries/db.go:403.31,404.54 1 0
harmony-server/server/db/queries/db.go:404.54,406.4 1 0
harmony-server/server/db/queries/db.go:408.34,409.57 1 0
harmony-server/server/db/queries/db.go:409.57,411.4 1 0
harmony-server/server/db/queries/db.go:413.39,414.62 1 0
harmony-server/server/db/queries/db.go:414.62,416.4 1 0
harmony-server/server/db/queries/db.go:418.39,419.62 1 0
harmony-server/server/db/queries/db.go:419.62,421.4 1 0
harmony-server/server/db/queries/db.go:423.38,424.61 1 0
harmony-server/server/db/queries/db.go:424.61,426.4 1 0
harmony-server/server/db/queries/db.go:428.33,429.56 1 0
harmony-server/server/db/queries/db.go:429.56,431.4 1 0
harmony-server/server/db/queries/db.go:433.30,434.53 1 0
harmony-server/server/db/queries/db.go:434.53,436.4 1 0
harmony-server/server/db/queries/db.go:441.116,442.9 1 0
harmony-server/server/db/queries/db.go:443.34,444.63 1 0
harmony-server/server/db/queries/db.go:445.19,446.40 1 0
harmony-server/server/db/queries/db.go:447.10,448.47 1 0
harmony-server/server/db/queries/db.go:452.116,453.9 1 0
harmony-server/server/db/queries/db.go:454.34,455.64 1 0
harmony-server/server/db/queries/db.go:456.19,457.41 1 0
harmony-server/server/db/queries/db.go:458.10,459.48 1 0
harmony-server/server/db/queries/db.go:463.109,464.9 1 0
harmony-server/server/db/queries/db.go:465.34,466.67 1 0
harmony-server/server/db/queries/db.go:467.19,468.44 1 0
harmony-server/server/db/queries/db.go:469.10,470.51 1 0
harmony-server/server/db/queries/db.go:530.47,586.2 1 0
harmony-server/server/http/socket/client/client.go:39.37,41.16 2 0
harmony-server/server/http/socket/client/client.go:44.2,44.15 1 0
harmony-server/server/http/socket/client/client.go:41.16,43.3 1 0
harmony-server/server/http/socket/client/client.go:48.40,55.2 1 0
harmony-server/server/http/socket/client/client.go:58.27,59.15 1 0
harmony-server/server/http/socket/client/client.go:62.2,63.80 2 0
harmony-server/server/http/socket/client/client.go:66.2,66.43 1 0
harmony-server/server/http/socket/client/client.go:72.2,72.6 1 0
harmony-server/server/http/socket/client/client.go:59.15,61.3 1 0
harmony-server/server/http/socket/client/client.go:63.80,65.3 1 0
harmony-server/server/http/socket/client/client.go:66.43,67.81 1 0
harmony-server/server/http/socket/client/client.go:70.3,70.13 1 0
harmony-server/server/http/socket/client/client.go:67.81,69.4 1 0
harmony-server/server/http/socket/client/client.go:72.6,74.17 2 0
harmony-server/server/http/socket/client/client.go:82.3,82.39 1 0
harmony-server/server/http/socket/client/client.go:74.17,76.23 2 0
harmony-server/server/http/socket/client/client.go:79.4,80.10 2 0
harmony-server/server/http/socket/client/client.go:76.23,78.5 1 0
harmony-server/server/http/socket/client/client.go:82.39,84.50 2 0
harmony-server/server/http/socket/client/client.go:88.4,88.28 1 0
harmony-server/server/http/socket/client/client.go:84.50,86.13 2 0
harmony-server/server/http/socket/client/client.go:88.28,90.5 1 0
harmony-server/server/http/socket/client/client.go:96.27,98.15 2 0
harmony-server/server/http/socket/client/client.go:102.2,102.6 1 0
harmony-server/server/http/socket/client/client.go:98.15,101.3 2 0
harmony-server/server/http/socket/client/client.go:102.6,103.10 1 0
harmony-server/server/http/socket/client/client.go:104.23,106.18 2 0
harmony-server/server/http/socket/client/client.go:115.25,116.84 1 0
harmony-server/server/http/socket/client/client.go:119.4,119.74 1 0
harmony-server/server/http/socket/client/client.go:106.18,109.24 3 0
harmony-server/server/http/socket/client/client.go:112.5,113.11 2 0
harmony-server/server/http/socket/client/client.go:109.24,111.6 1 0
harmony-server/server/http/socket/client/client.go:116.84,118.5 1 0
harmony-server/server/http/socket/client/client.go:119.74,121.24 2 0
harmony-server/server/http/socket/client/client.go:124.5,125.11 2 0
harmony-server/server/http/socket/client/client.go:121.24,123.6 1 0
harmony-server/server/http/core/v1/actions.go:21.55,25.38 3 0
harmony-server/server/http/core/v1/actions.go:31.2,31.19 1 0
harmony-server/server/http/core/v1/actions.go:34.2,34.38 1 0
harmony-server/server/http/core/v1/actions.go:52.2,52.41 1 0
harmony-server/server/http/core/v1/actions.go:25.38,26.104 1 0
harmony-server/server/http/core/v1/actions.go:29.3,29.13 1 0
harmony-server/server/http/core/v1/actions.go:26.104,28.4 1 0
harmony-server/server/http/core/v1/actions.go:31.19,33.3 1 0
harmony-server/server/http/core/v1/actions.go:34.38,51.3 1 0
harmony-server/server/http/core/v1/message.go:26.49,29.75 3 0
harmony-server/server/http/core/v1/message.go:32.2,35.16 4 0
harmony-server/server/http/core/v1/message.go:38.2,40.54 3 0
harmony-server/server/http/core/v1/message.go:43.2,45.26 3 0
harmony-server/server/http/core/v1/message.go:49.2,49.128 1 0
harmony-server/server/http/core/v1/message.go:52.2,52.20 1 0
harmony-server/server/http/core/v1/message.go:83.2,85.27 3 0
harmony-server/server/http/core/v1/message.go:94.2,94.26 1 0
harmony-server/server/http/core/v1/message.go:103.2,104.16 2 0
harmony-server/server/http/core/v1/message.go:108.2,109.31 2 0
harmony-server/server/http/core/v1/message.go:112.2,112.33 1 0
harmony-server/server/http/core/v1/message.go:115.2,115.55 1 0
harmony-server/server/http/core/v1/message.go:118.2,132.80 2 0
harmony-server/server/http/core/v1/message.go:29.75,31.3 1 0
harmony-server/server/http/core/v1/message.go:35.16,36.19 1 0
harmony-server/server/http/core/v1/message.go:40.54,42.3 1 0
harmony-server/server/http/core/v1/message.go:45.26,47.3 1 0
harmony-server/server/http/core/v1/message.go:49.128,51.3 1 0
harmony-server/server/http/core/v1/message.go:52.20,53.27 1 0
harmony-server/server/http/core/v1/message.go:53.27,55.18 2 0
harmony-server/server/http/core/v1/message.go:59.4,60.18 2 0
harmony-server/server/http/core/v1/message.go:64.4,65.18 2 0
harmony-server/server/http/core/v1/message.go:69.4,71.18 3 0
harmony-server/server/http/core/v1/message.go:55.18,58.5 2 0
harmony-server/server/http/core/v1/message.go:60.18,63.5 2 0
harmony-server/server/http/core/v1/message.go:65.18,68.5 2 0
harmony-server/server/http/core/v1/message.go:71.18,73.79 2 0
harmony-server/server/http/core/v1/message.go:73.79,76.6 2 0
harmony-server/server/http/core/v1/message.go:77.10,79.5 1 0
harmony-server/server/http/core/v1/message.go:85.27,86.39 1 0
harmony-server/server/http/core/v1/message.go:86.39,88.18 2 0
harmony-server/server/http/core/v1/message.go:91.4,91.37 1 0
harmony-server/server/http/core/v1/message.go:88.18,90.5 1 0
harmony-server/server/http/core/v1/message.go:94.26,95.37 1 0
harmony-server/server/http/core/v1/message.go:95.37,97.18 2 0
harmony-server/server/http/core/v1/message.go:100.4,100.35 1 0
harmony-server/server/http/core/v1/message.go:97.18,99.5 1 0
harmony-server/server/http/core/v1/message.go:104.16,107.3 2 0
harmony-server/server/http/core/v1/message.go:109.31,111.3 1 0
harmony-server/server/http/core/v1/message.go:112.33,114.3 1 0
harmony-server/server/http/core/v1/message.go:115.55,117.3 1 0
harmony-server/server/db/init.go:82.73,94.17 5 0
harmony-server/server/db/init.go:97.2,97.33 1 0
harmony-server/server/db/init.go:100.2,100.36 1 0
harmony-server/server/db/init.go:103.2,103.77 1 0
harmony-server/server/db/init.go:106.2,106.72 1 0
harmony-server/server/db/init.go:109.2,109.76 1 0
harmony-server/server/db/init.go:112.2,113.16 2 0
harmony-server/server/db/init.go:94.17,96.3 1 0
harmony-server/server/db/init.go:97.33,99.3 1 0
harmony-server/server/db/init.go:100.36,102.3 1 0
harmony-server/server/db/init.go:103.77,105.3 1 0
harmony-server/server/db/init.go:106.72,108.3 1 0
harmony-server/server/db/init.go:109.76,111.3 1 0
harmony-server/server/http/hm/middleware.go:40.87,42.16 2 0
harmony-server/server/http/hm/middleware.go:45.2,45.21 1 0
harmony-server/server/http/hm/middleware.go:48.2,48.12 1 0
harmony-server/server/http/hm/middleware.go:42.16,44.3 1 0
harmony-server/server/http/hm/middleware.go:45.21,47.3 1 0
harmony-server/server/http/hm/middleware.go:52.64,60.2 3 2
harmony-server/server/http/core/v1/leaveguild.go:13.52,16.97 2 0
harmony-server/server/http/core/v1/leaveguild.go:19.2,19.82 1 0
harmony-server/server/http/core/v1/leaveguild.go:23.2,28.4 4 0
harmony-server/server/http/core/v1/leaveguild.go:16.97,18.3 1 0
harmony-server/server/http/core/v1/leaveguild.go:19.82,22.3 2 0
harmony-server/server/http/profile/v1/v1.go:29.40,33.2 1 0
harmony-server/server/http/profile/v1/v1.go:36.48,94.2 1 0
harmony-server/server/state/guild/guild.go:21.60,22.31 1 0
harmony-server/server/state/guild/guild.go:30.2,32.29 3 0
harmony-server/server/state/guild/guild.go:22.31,29.3 3 0
harmony-server/server/state/guild/guild.go:36.52,37.35 1 0
harmony-server/server/state/guild/guild.go:37.35,38.39 1 0
harmony-server/server/state/guild/guild.go:38.39,40.4 1 0
harmony-server/server/http/profile/v1/usernameupdate.go:18.56,21.26 3 0
harmony-server/server/http/profile/v1/usernameupdate.go:24.2,24.50 1 0
harmony-server/server/http/profile/v1/usernameupdate.go:33.2,33.76 1 0
harmony-server/server/http/profile/v1/usernameupdate.go:36.2,36.37 1 0
harmony-server/server/http/profile/v1/usernameupdate.go:21.26,23.3 1 0
harmony-server/server/http/profile/v1/usernameupdate.go:24.50,32.3 1 0
harmony-server/server/http/profile/v1/usernameupdate.go:33.76,35.3 1 0
harmony-server/server/http/core/v1/getmessages.go:26.53,30.27 4 0
harmony-server/server/http/core/v1/getmessages.go:38.2,39.27 2 0
harmony-server/server/http/core/v1/getmessages.go:42.2,43.21 2 0
harmony-server/server/http/core/v1/getmessages.go:55.2,55.40 1 0
harmony-server/server/http/core/v1/getmessages.go:58.2,59.30 1 0
harmony-server/server/http/core/v1/getmessages.go:30.27,33.17 3 0
harmony-server/server/http/core/v1/getmessages.go:33.17,35.4 1 0
harmony-server/server/http/core/v1/getmessages.go:39.27,41.3 1 0
harmony-server/server/http/core/v1/getmessages.go:43.21,45.3 1 0
harmony-server/server/http/core/v1/getmessages.go:45.8,47.17 2 0
harmony-server/server/http/core/v1/getmessages.go:50.3,51.17 2 0
harmony-server/server/http/core/v1/getmessages.go:47.17,49.4 1 0
harmony-server/server/http/core/v1/getmessages.go:51.17,53.4 1 0
harmony-server/server/http/core/v1/getmessages.go:55.40,57.3 1 0
harmony-server/server/http/core/v1/getmessages.go:59.30,61.37 2 0
harmony-server/server/http/core/v1/getmessages.go:90.4,90.14 1 0
harmony-server/server/http/core/v1/getmessages.go:61.37,64.45 3 0
harmony-server/server/http/core/v1/getmessages.go:71.5,71.47 1 0
harmony-server/server/http/core/v1/getmessages.go:78.5,88.7 1 0
harmony-server/server/http/core/v1/getmessages.go:64.45,66.61 2 0
harmony-server/server/http/core/v1/getmessages.go:69.6,69.36 1 0
harmony-server/server/http/core/v1/getmessages.go:66.61,67.15 1 0
harmony-server/server/http/core/v1/getmessages.go:71.47,73.63 2 0
harmony-server/server/http/core/v1/getmessages.go:76.6,76.39 1 0
harmony-server/server/http/core/v1/getmessages.go:73.63,74.15 1 0
harmony-server/server/http/protocol/protocol.go:32.35,38.48 3 1
harmony-server/server/http/protocol/protocol.go:42.2,88.12 2 1
harmony-server/server/http/protocol/protocol.go:38.48,41.3 2 0
harmony-server/server/http/hm/auth.go:12.75,13.36 1 5
harmony-server/server/http/hm/auth.go:13.36,16.20 3 5
harmony-server/server/http/hm/auth.go:19.3,20.17 2 5
harmony-server/server/http/hm/auth.go:23.3,24.22 2 5
harmony-server/server/http/hm/auth.go:16.20,18.4 1 0
harmony-server/server/http/hm/auth.go:20.17,22.4 1 0
harmony-server/server/http/socket/deregister.go:11.48,13.16 2 0
harmony-server/server/http/socket/deregister.go:17.2,17.33 1 0
harmony-server/server/http/socket/deregister.go:37.2,37.73 1 0
harmony-server/server/http/socket/deregister.go:13.16,16.3 2 0
harmony-server/server/http/socket/deregister.go:17.33,18.91 1 0
harmony-server/server/http/socket/deregister.go:18.91,19.69 1 0
harmony-server/server/http/socket/deregister.go:19.69,23.5 3 0
harmony-server/server/http/socket/deregister.go:23.10,25.80 2 0
harmony-server/server/http/socket/deregister.go:33.5,33.57 1 0
harmony-server/server/http/socket/deregister.go:25.80,26.22 1 0
harmony-server/server/http/socket/deregister.go:26.22,31.7 4 0
harmony-server/server/http/socket/deregister.go:37.73,40.3 2 0
harmony-server/server/http/protocol/login.go:25.51,29.16 4 0
harmony-server/server/http/protocol/login.go:33.2,34.16 2 0
harmony-server/server/http/protocol/login.go:38.2,38.103 1 0
harmony-server/server/http/protocol/login.go:41.2,41.16 1 0
harmony-server/server/http/protocol/login.go:45.2,48.16 4 0
harmony-server/server/http/protocol/login.go:52.2,52.22 1 0
harmony-server/server/http/protocol/login.go:64.2,64.67 1 0
harmony-server/server/http/protocol/login.go:67.2,67.101 1 0
harmony-server/server/http/protocol/login.go:29.16,32.3 2 0
harmony-server/server/http/protocol/login.go:34.16,37.3 2 0
harmony-server/server/http/protocol/login.go:38.103,40.3 1 0
harmony-server/server/http/protocol/login.go:41.16,44.3 2 0
harmony-server/server/http/protocol/login.go:48.16,51.3 2 0
harmony-server/server/http/protocol/login.go:52.22,54.17 2 0
harmony-server/server/http/protocol/login.go:58.3,59.17 2 0
harmony-server/server/http/protocol/login.go:54.17,57.4 2 0
harmony-server/server/http/protocol/login.go:59.17,62.4 2 0
harmony-server/server/http/protocol/login.go:64.67,66.3 1 0
harmony-server/server/http/protocol/login.go:70.47,74.16 4 0
harmony-server/server/http/protocol/login.go:77.2,77.92 1 0
harmony-server/server/http/protocol/login.go:80.2,81.67 2 0
harmony-server/server/http/protocol/login.go:84.2,84.101 1 0
harmony-server/server/http/protocol/login.go:74.16,76.3 1 0
harmony-server/server/http/protocol/login.go:77.92,79.3 1 0
harmony-server/server/http/protocol/login.go:81.67,83.3 1 0
harmony-server/server/http/protocol/login.go:87.42,90.9 3 0
harmony-server/server/http/protocol/login.go:91.28,92.29 1 0
harmony-server/server/http/protocol/login.go:93.10,94.25 1 0
harmony-server/server/db/queries/guilds.sql.go:25.87,28.2 2 0
harmony-server/server/db/queries/guilds.sql.go:44.96,49.2 4 0
harmony-server/server/db/queries/guilds.sql.go:67.90,82.2 4 0
harmony-server/server/db/queries/guilds.sql.go:95.85,98.2 2 0
harmony-server/server/db/queries/guilds.sql.go:105.74,108.2 2 0
harmony-server/server/db/queries/guilds.sql.go:115.94,117.16 2 0
harmony-server/server/db/queries/guilds.sql.go:120.2,122.18 3 0
harmony-server/server/db/queries/guilds.sql.go:129.2,129.37 1 0
harmony-server/server/db/queries/guilds.sql.go:132.2,132.35 1 0
harmony-server/server/db/queries/guilds.sql.go:135.2,135.19 1 0
harmony-server/server/db/queries/guilds.sql.go:117.16,119.3 1 0
harmony-server/server/db/queries/guilds.sql.go:122.18,124.77 2 0
harmony-server/server/db/queries/guilds.sql.go:127.3,127.27 1 0
harmony-server/server/db/queries/guilds.sql.go:124.77,126.4 1 0
harmony-server/server/db/queries/guilds.sql.go:129.37,131.3 1 0
harmony-server/server/db/queries/guilds.sql.go:132.35,134.3 1 0
harmony-server/server/db/queries/guilds.sql.go:143.84,153.2 4 0
harmony-server/server/db/queries/guilds.sql.go:160.90,162.16 2 0
harmony-server/server/db/queries/guilds.sql.go:165.2,167.18 3 0
harmony-server/server/db/queries/guilds.sql.go:174.2,174.37 1 0
harmony-server/server/db/queries/guilds.sql.go:177.2,177.35 1 0
harmony-server/server/db/queries/guilds.sql.go:180.2,180.19 1 0
harmony-server/server/db/queries/guilds.sql.go:162.16,164.3 1 0
harmony-server/server/db/queries/guilds.sql.go:167.18,169.45 2 0
harmony-server/server/db/queries/guilds.sql.go:172.3,172.33 1 0
harmony-server/server/db/queries/guilds.sql.go:169.45,171.4 1 0
harmony-server/server/db/queries/guilds.sql.go:174.37,176.3 1 0
harmony-server/server/db/queries/guilds.sql.go:177.35,179.3 1 0
harmony-server/server/db/queries/guilds.sql.go:188.86,193.2 4 0
harmony-server/server/db/queries/guilds.sql.go:200.88,205.2 4 0
harmony-server/server/db/queries/guilds.sql.go:214.88,219.2 4 0
harmony-server/server/db/queries/guilds.sql.go:228.87,230.16 2 0
harmony-server/server/db/queries/guilds.sql.go:233.2,235.18 3 0
harmony-server/server/db/queries/guilds.sql.go:242.2,242.37 1 0
harmony-server/server/db/queries/guilds.sql.go:245.2,245.35 1 0
harmony-server/server/db/queries/guilds.sql.go:248.2,248.19 1 0
harmony-server/server/db/queries/guilds.sql.go:230.16,232.3 1 0
harmony-server/server/db/queries/guilds.sql.go:235.18,237.46 2 0
harmony-server/server/db/queries/guilds.sql.go:240.3,240.34 1 0
harmony-server/server/db/queries/guilds.sql.go:237.46,239.4 1 0
harmony-server/server/db/queries/guilds.sql.go:242.37,244.3 1 0
harmony-server/server/db/queries/guilds.sql.go:245.35,247.3 1 0
harmony-server/server/db/queries/guilds.sql.go:262.102,267.2 4 0
harmony-server/server/db/queries/guilds.sql.go:280.97,283.2 2 0
harmony-server/server/db/queries/guilds.sql.go:296.83,299.2 2 0
harmony-server/server/db/queries/guilds.sql.go:312.89,315.2 2 0
harmony-server/server/db/queries/guilds.sql.go:328.91,333.2 4 0
harmony-server/server/db/queries/uploads.sql.go:20.81,23.2 2 0
harmony-server/server/db/queries/uploads.sql.go:31.83,36.2 4 0
harmony-server/server/http/core/v1/getmembers.go:13.52,17.16 3 0
harmony-server/server/http/core/v1/getmembers.go:20.2,20.14 1 0
harmony-server/server/http/core/v1/getmembers.go:23.2,24.16 2 0
harmony-server/server/http/core/v1/getmembers.go:28.2,30.4 1 0
harmony-server/server/http/core/v1/getmembers.go:17.16,19.3 1 0
harmony-server/server/http/core/v1/getmembers.go:20.14,22.3 1 0
harmony-server/server/http/core/v1/getmembers.go:24.16,26.3 1 0
harmony-server/server/http/core/v1/updatemessage.go:20.55,24.47 3 0
harmony-server/server/http/core/v1/updatemessage.go:27.2,27.70 1 0
harmony-server/server/http/core/v1/updatemessage.go:30.2,34.25 5 0
harmony-server/server/http/core/v1/updatemessage.go:37.2,37.51 1 0
harmony-server/server/http/core/v1/updatemessage.go:51.2,51.49 1 0
harmony-server/server/http/core/v1/updatemessage.go:65.2,66.16 2 0
harmony-server/server/http/core/v1/updatemessage.go:69.2,82.12 2 0
harmony-server/server/http/core/v1/updatemessage.go:24.47,26.3 1 0
harmony-server/server/http/core/v1/updatemessage.go:27.70,29.3 1 0
harmony-server/server/http/core/v1/updatemessage.go:34.25,36.3 1 0
harmony-server/server/http/core/v1/updatemessage.go:37.51,38.40 1 0
harmony-server/server/http/core/v1/updatemessage.go:45.3,45.34 1 0
harmony-server/server/http/core/v1/updatemessage.go:48.3,49.24 2 0
harmony-server/server/http/core/v1/updatemessage.go:38.40,40.18 2 0
harmony-server/server/http/core/v1/updatemessage.go:43.4,43.37 1 0
harmony-server/server/http/core/v1/updatemessage.go:40.18,42.5 1 0
harmony-server/server/http/core/v1/updatemessage.go:45.34,47.4 1 0
harmony-server/server/http/core/v1/updatemessage.go:51.49,52.38 1 0
harmony-server/server/http/core/v1/updatemessage.go:59.3,59.32 1 0
harmony-server/server/http/core/v1/updatemessage.go:62.3,63.22 2 0
harmony-server/server/http/core/v1/updatemessage.go:52.38,54.18 2 0
harmony-server/server/http/core/v1/updatemessage.go:57.4,57.35 1 0
harmony-server/server/http/core/v1/updatemessage.go:54.18,56.5 1 0
harmony-server/server/http/core/v1/updatemessage.go:59.32,61.4 1 0
harmony-server/server/http/core/v1/updatemessage.go:66.16,68.3 1 0
harmony-server/server/http/core/core.go:39.35,57.2 6 0
harmony-server/testing/helper.go:28.106,43.2 9 2
harmony-server/server/http/core/v1/deletechannel.go:15.55,18.105 2 0
harmony-server/server/http/core/v1/deletechannel.go:22.2,22.55 1 0
harmony-server/server/http/core/v1/deletechannel.go:31.2,31.12 1 0
harmony-server/server/http/core/v1/deletechannel.go:18.105,21.3 2 0
harmony-server/server/http/core/v1/deletechannel.go:22.55,30.3 1 0
harmony-server/server/http/core/v1/deleteguild.go:14.53,17.57 2 0
harmony-server/server/http/core/v1/deleteguild.go:21.2,21.55 1 0
harmony-server/server/http/core/v1/deleteguild.go:33.2,33.12 1 0
harmony-server/server/http/core/v1/deleteguild.go:17.57,19.3 1 0
harmony-server/server/http/core/v1/deleteguild.go:21.55,31.3 4 0
harmony-server/server/http/core/v1/updateguildpicture.go:18.60,22.16 3 0
harmony-server/server/http/core/v1/updateguildpicture.go:25.2,26.21 2 0
harmony-server/server/http/core/v1/updateguildpicture.go:29.2,30.16 2 0
harmony-server/server/http/core/v1/updateguildpicture.go:34.2,34.15 1 0
harmony-server/server/http/core/v1/updateguildpicture.go:40.2,41.16 2 0
harmony-server/server/http/core/v1/updateguildpicture.go:45.2,51.16 2 0
harmony-server/server/http/core/v1/updateguildpicture.go:55.2,56.80 2 0
harmony-server/server/http/core/v1/updateguildpicture.go:60.2,61.16 2 0
harmony-server/server/http/core/v1/updateguildpicture.go:64.2,64.83 1 0
harmony-server/server/http/core/v1/updateguildpicture.go:68.2,78.37 5 0
harmony-server/server/http/core/v1/updateguildpicture.go:22.16,24.3 1 0
harmony-server/server/http/core/v1/updateguildpicture.go:26.21,28.3 1 0
harmony-server/server/http/core/v1/updateguildpicture.go:30.16,33.3 2 0
harmony-server/server/http/core/v1/updateguildpicture.go:34.15,36.17 2 0
harmony-server/server/http/core/v1/updateguildpicture.go:36.17,38.4 1 0
harmony-server/server/http/core/v1/updateguildpicture.go:41.16,44.3 2 0
harmony-server/server/http/core/v1/updateguildpicture.go:51.16,54.3 2 0
harmony-server/server/http/core/v1/updateguildpicture.go:56.80,59.3 2 0
harmony-server/server/http/core/v1/updateguildpicture.go:61.16,63.3 1 0
harmony-server/server/http/core/v1/updateguildpicture.go:64.83,67.3 2 0
harmony-server/server/http/socket/setup.go:10.26,19.2 4 0
harmony-server/server/http/protocol/connect.go:16.44,18.26 2 0
harmony-server/server/http/protocol/connect.go:21.2,22.16 2 0
harmony-server/server/http/protocol/connect.go:26.2,28.16 3 0
harmony-server/server/http/protocol/connect.go:31.2,33.4 1 0
harmony-server/server/http/protocol/connect.go:18.26,20.3 1 0
harmony-server/server/http/protocol/connect.go:22.16,25.3 2 0
harmony-server/server/http/protocol/connect.go:28.16,30.3 1 0
harmony-server/server/http/protocol/register.go:24.45,28.70 3 3
harmony-server/server/http/protocol/register.go:38.2,39.70 1 2
harmony-server/server/http/protocol/register.go:48.2,52.66 2 2
harmony-server/server/http/protocol/register.go:63.2,63.26 1 1
harmony-server/server/http/protocol/register.go:66.2,67.16 2 1
harmony-server/server/http/protocol/register.go:71.2,72.16 2 1
harmony-server/server/http/protocol/register.go:78.2,79.16 2 1
harmony-server/server/http/protocol/register.go:82.2,82.88 1 1
harmony-server/server/http/protocol/register.go:85.2,86.62 2 1
harmony-server/server/http/protocol/register.go:89.2,89.99 1 1
harmony-server/server/http/protocol/register.go:28.70,37.3 2 1
harmony-server/server/http/protocol/register.go:39.70,47.3 1 0
harmony-server/server/http/protocol/register.go:52.66,62.3 1 1
harmony-server/server/http/protocol/register.go:63.26,65.3 1 0
harmony-server/server/http/protocol/register.go:67.16,70.3 2 0
harmony-server/server/http/protocol/register.go:72.16,75.3 2 0
harmony-server/server/http/protocol/register.go:75.8,75.19 1 1
harmony-server/server/http/protocol/register.go:75.19,77.3 1 0
harmony-server/server/http/protocol/register.go:79.16,81.3 1 0
harmony-server/server/http/protocol/register.go:82.88,84.3 1 0
harmony-server/server/http/protocol/register.go:86.62,88.3 1 0
harmony-server/server/http/protocol/register.go:99.54,101.29 2 2
harmony-server/server/http/protocol/register.go:112.2,112.14 1 2
harmony-server/server/http/protocol/register.go:101.29,102.25 1 22
harmony-server/server/http/protocol/register.go:102.25,104.4 1 1
harmony-server/server/http/protocol/register.go:104.9,104.32 1 21
harmony-server/server/http/protocol/register.go:104.32,106.4 1 15
harmony-server/server/http/protocol/register.go:106.9,106.33 1 6
harmony-server/server/http/protocol/register.go:106.33,108.4 1 2
harmony-server/server/http/protocol/register.go:108.9,108.33 1 4
harmony-server/server/http/protocol/register.go:108.33,110.4 1 0
harmony-server/server/http/hm/withharmony.go:8.78,9.38 1 10
harmony-server/server/http/hm/withharmony.go:9.38,14.3 2 10
harmony-server/server/http/routing/routing.go:57.58,59.19 2 10
harmony-server/server/http/routing/routing.go:62.2,62.31 1 10
harmony-server/server/http/routing/routing.go:65.2,65.28 1 10
harmony-server/server/http/routing/routing.go:68.2,68.27 1 10
harmony-server/server/http/routing/routing.go:79.2,79.31 1 10
harmony-server/server/http/routing/routing.go:87.2,87.25 1 10
harmony-server/server/http/routing/routing.go:59.19,61.3 1 6
harmony-server/server/http/routing/routing.go:62.31,64.3 1 4
harmony-server/server/http/routing/routing.go:65.28,67.3 1 9
harmony-server/server/http/routing/routing.go:69.20,69.20 0 6
harmony-server/server/http/routing/routing.go:70.21,71.59 1 1
harmony-server/server/http/routing/routing.go:72.31,73.86 1 1
harmony-server/server/http/routing/routing.go:74.38,75.113 1 1
harmony-server/server/http/routing/routing.go:76.20,77.58 1 1
harmony-server/server/http/routing/routing.go:79.31,80.28 1 4
harmony-server/server/http/routing/routing.go:81.22,82.91 1 1
harmony-server/server/http/routing/routing.go:83.64,84.93 1 2
harmony-server/server/http/routing/routing.go:88.11,89.3 1 3
harmony-server/server/http/routing/routing.go:92.12,93.3 1 3
harmony-server/server/http/routing/routing.go:96.11,97.3 1 1
harmony-server/server/http/routing/routing.go:100.14,101.3 1 1
harmony-server/server/http/routing/routing.go:104.13,105.3 1 1
harmony-server/server/http/routing/routing.go:108.11,109.3 1 1
harmony-server/server/http/routing/routing.go:89.3,91.4 1 3
harmony-server/server/http/routing/routing.go:93.3,95.4 1 3
harmony-server/server/http/routing/routing.go:97.3,99.4 1 1
harmony-server/server/http/routing/routing.go:101.3,103.4 1 1
harmony-server/server/http/routing/routing.go:105.3,107.4 1 1
harmony-server/server/http/routing/routing.go:109.3,111.4 1 1
harmony-server/server/http/routing/routing.go:116.62,117.37 1 1
harmony-server/server/http/routing/routing.go:117.37,119.3 1 4
harmony-server/server/http/core/v1/addchannel.go:19.52,24.16 4 0
harmony-server/server/http/core/v1/addchannel.go:28.2,28.55 1 0
harmony-server/server/http/core/v1/addchannel.go:38.2,42.4 1 0
harmony-server/server/http/core/v1/addchannel.go:24.16,26.3 1 0
harmony-server/server/http/core/v1/addchannel.go:28.55,37.3 1 0
harmony-server/server/http/core/v1/deleteinvite.go:10.54,11.69 1 0
harmony-server/server/http/core/v1/deleteinvite.go:14.2,14.12 1 0
harmony-server/server/http/core/v1/deleteinvite.go:11.69,13.3 1 0
harmony-server/server/http/core/v1/getguilds.go:13.51,15.26 2 0
harmony-server/server/http/core/v1/getguilds.go:18.2,19.16 2 0
harmony-server/server/http/core/v1/getguilds.go:22.2,22.50 1 0
harmony-server/server/http/core/v1/getguilds.go:15.26,17.3 1 0
harmony-server/server/http/core/v1/getguilds.go:19.16,21.3 1 0
harmony-server/server/http/profile/v1/guildlistupdate.go:15.57,18.26 3 0
harmony-server/server/http/profile/v1/guildlistupdate.go:21.2,21.76 1 0
harmony-server/server/http/profile/v1/guildlistupdate.go:24.2,24.37 1 0
harmony-server/server/http/profile/v1/guildlistupdate.go:18.26,20.3 1 0
harmony-server/server/http/profile/v1/guildlistupdate.go:21.76,23.3 1 0
harmony-server/server/http/protocol/getkey.go:14.43,16.26 2 0
harmony-server/server/http/protocol/getkey.go:19.2,20.16 2 0
harmony-server/server/http/protocol/getkey.go:23.2,29.51 2 0
harmony-server/server/http/protocol/getkey.go:16.26,18.3 1 0
harmony-server/server/http/protocol/getkey.go:20.16,22.3 1 0
harmony-server/util/util.go:9.46,10.33 1 2
harmony-server/util/util.go:13.2,13.8 1 2
harmony-server/util/util.go:10.33,12.3 1 6
harmony-server/util/util.go:16.34,18.2 1 5
harmony-server/util/util.go:20.38,22.2 1 2
harmony-server/util/util.go:24.52,25.18 1 2
harmony-server/util/util.go:29.2,29.8 1 2
harmony-server/util/util.go:25.18,28.3 2 1
harmony-server/server/http/core/v1/createguild.go:19.53,23.16 4 0
harmony-server/server/http/core/v1/createguild.go:26.2,27.16 2 0
harmony-server/server/http/core/v1/createguild.go:30.2,32.4 1 0
harmony-server/server/http/core/v1/createguild.go:23.16,25.3 1 0
harmony-server/server/http/core/v1/createguild.go:27.16,29.3 1 0
harmony-server/server/http/core/v1/deletemessage.go:15.55,19.16 3 0
harmony-server/server/http/core/v1/deletemessage.go:23.2,23.61 1 0
harmony-server/server/http/core/v1/deletemessage.go:26.2,26.128 1 0
harmony-server/server/http/core/v1/deletemessage.go:29.2,39.4 2 0
harmony-server/server/http/core/v1/deletemessage.go:19.16,22.3 2 0
harmony-server/server/http/core/v1/deletemessage.go:23.61,25.3 1 0
harmony-server/server/http/core/v1/deletemessage.go:26.128,28.3 1 0
harmony-server/server/http/profile/v1/avatarupdate.go:20.54,22.26 2 0
harmony-server/server/http/profile/v1/avatarupdate.go:25.2,26.16 2 0
harmony-server/server/http/profile/v1/avatarupdate.go:29.2,30.16 2 0
harmony-server/server/http/profile/v1/avatarupdate.go:33.2,34.16 2 0
harmony-server/server/http/profile/v1/avatarupdate.go:37.2,43.16 2 0
harmony-server/server/http/profile/v1/avatarupdate.go:46.2,48.16 3 0
harmony-server/server/http/profile/v1/avatarupdate.go:59.2,60.35 2 0
harmony-server/server/http/profile/v1/avatarupdate.go:63.2,63.50 1 0
harmony-server/server/http/profile/v1/avatarupdate.go:72.2,72.37 1 0
harmony-server/server/http/profile/v1/avatarupdate.go:22.26,24.3 1 0
harmony-server/server/http/profile/v1/avatarupdate.go:26.16,28.3 1 0
harmony-server/server/http/profile/v1/avatarupdate.go:30.16,32.3 1 0
harmony-server/server/http/profile/v1/avatarupdate.go:34.16,36.3 1 0
harmony-server/server/http/profile/v1/avatarupdate.go:43.16,45.3 1 0
harmony-server/server/http/profile/v1/avatarupdate.go:48.16,50.94 2 0
harmony-server/server/http/profile/v1/avatarupdate.go:50.94,52.4 1 0
harmony-server/server/http/profile/v1/avatarupdate.go:53.8,54.68 1 0
harmony-server/server/http/profile/v1/avatarupdate.go:54.68,57.4 2 0
harmony-server/server/http/profile/v1/avatarupdate.go:60.35,62.3 1 0
harmony-server/server/http/profile/v1/avatarupdate.go:63.50,71.3 1 0
harmony-server/server/http/profile/v1/statusupdate.go:18.54,21.69 3 0
harmony-server/server/http/profile/v1/statusupdate.go:24.2,24.50 1 0
harmony-server/server/http/profile/v1/statusupdate.go:33.2,33.37 1 0
harmony-server/server/http/profile/v1/statusupdate.go:21.69,23.3 1 0
harmony-server/server/http/profile/v1/statusupdate.go:24.50,32.3 1 0
harmony-server/server/http/socket/events/subscribetoguild.go:15.95,17.52 2 0
harmony-server/server/http/socket/events/subscribetoguild.go:21.2,22.16 2 0
harmony-server/server/http/socket/events/subscribetoguild.go:26.2,26.28 1 0
harmony-server/server/http/socket/events/subscribetoguild.go:30.2,32.16 3 0
harmony-server/server/http/socket/events/subscribetoguild.go:35.2,35.14 1 0
harmony-server/server/http/socket/events/subscribetoguild.go:38.2,38.16 1 0
harmony-server/server/http/socket/events/subscribetoguild.go:17.52,20.3 2 0
harmony-server/server/http/socket/events/subscribetoguild.go:22.16,25.3 2 0
harmony-server/server/http/socket/events/subscribetoguild.go:26.28,29.3 2 0
harmony-server/server/http/socket/events/subscribetoguild.go:32.16,34.3 1 0
harmony-server/server/http/socket/events/subscribetoguild.go:35.14,37.3 1 0
harmony-server/server/http/socket/events/subscribetoguild.go:38.16,40.3 1 0
harmony-server/server/db/queries/messages.sql.go:25.85,28.2 2 0
harmony-server/server/db/queries/messages.sql.go:45.90,67.2 4 0
harmony-server/server/db/queries/messages.sql.go:83.94,85.16 2 0
harmony-server/server/db/queries/messages.sql.go:88.2,88.30 1 0
harmony-server/server/db/queries/messages.sql.go:85.16,87.3 1 0
harmony-server/server/db/queries/messages.sql.go:97.91,99.16 2 0
harmony-server/server/db/queries/messages.sql.go:102.2,104.18 3 0
harmony-server/server/db/queries/messages.sql.go:111.2,111.37 1 0
harmony-server/server/db/queries/messages.sql.go:114.2,114.35 1 0
harmony-server/server/db/queries/messages.sql.go:117.2,117.19 1 0
harmony-server/server/db/queries/messages.sql.go:99.16,101.3 1 0
harmony-server/server/db/queries/messages.sql.go:104.18,106.48 2 0
harmony-server/server/db/queries/messages.sql.go:109.3,109.36 1 0
harmony-server/server/db/queries/messages.sql.go:106.48,108.4 1 0
harmony-server/server/db/queries/messages.sql.go:111.37,113.3 1 0
harmony-server/server/db/queries/messages.sql.go:114.35,116.3 1 0
harmony-server/server/db/queries/messages.sql.go:126.86,141.2 4 0
harmony-server/server/db/queries/messages.sql.go:149.91,154.2 4 0
harmony-server/server/db/queries/messages.sql.go:162.92,167.2 4 0
harmony-server/server/db/queries/messages.sql.go:186.94,193.16 2 0
harmony-server/server/db/queries/messages.sql.go:196.2,198.18 3 0
harmony-server/server/db/queries/messages.sql.go:215.2,215.37 1 0
harmony-server/server/db/queries/messages.sql.go:218.2,218.35 1 0
harmony-server/server/db/queries/messages.sql.go:221.2,221.19 1 0
harmony-server/server/db/queries/messages.sql.go:193.16,195.3 1 0
harmony-server/server/db/queries/messages.sql.go:198.18,210.17 2 0
harmony-server/server/db/queries/messages.sql.go:213.3,213.27 1 0
harmony-server/server/db/queries/messages.sql.go:210.17,212.4 1 0
harmony-server/server/db/queries/messages.sql.go:215.37,217.3 1 0
harmony-server/server/db/queries/messages.sql.go:218.35,220.3 1 0
harmony-server/server/db/queries/messages.sql.go:242.126,247.2 4 0
harmony-server/server/db/queries/messages.sql.go:267.126,272.2 4 0
harmony-server/server/db/queries/messages.sql.go:292.123,297.2 4 0
harmony-server/server/db/schema.go:22.38,24.16 2 0
harmony-server/server/db/schema.go:27.2,29.16 3 0
harmony-server/server/db/schema.go:32.2,32.27 1 0
harmony-server/server/db/schema.go:37.2,37.36 1 0
harmony-server/server/db/schema.go:43.2,43.12 1 0
harmony-server/server/db/schema.go:24.16,26.3 1 0
harmony-server/server/db/schema.go:29.16,31.3 1 0
harmony-server/server/db/schema.go:32.27,33.39 1 0
harmony-server/server/db/schema.go:33.39,35.4 1 0
harmony-server/server/db/schema.go:37.36,38.39 1 0
harmony-server/server/db/schema.go:41.3,41.13 1 0
harmony-server/server/db/schema.go:38.39,40.4 1 0
harmony-server/server/db/schema.go:46.45,47.6 1 0
harmony-server/server/db/schema.go:47.6,50.17 3 0
harmony-server/server/db/schema.go:50.17,53.4 2 0
harmony-server/server/http/hm/schema.go:12.70,14.57 2 9
harmony-server/server/http/hm/schema.go:14.57,15.37 1 10
harmony-server/server/http/hm/schema.go:15.37,19.41 4 10
harmony-server/server/http/hm/schema.go:22.4,22.45 1 10
harmony-server/server/http/hm/schema.go:25.4,26.23 2 9
harmony-server/server/http/hm/schema.go:19.41,21.5 1 0
harmony-server/server/http/hm/schema.go:22.45,24.5 1 1
harmony-server/server/http/core/v1/embed.go:68.52,71.16 3 0
harmony-server/server/http/core/v1/embed.go:74.2,75.8 2 0
harmony-server/server/http/core/v1/embed.go:71.16,73.3 1 0
harmony-server/server/http/core/v1/embed.go:79.53,82.16 3 0
harmony-server/server/http/core/v1/embed.go:85.2,86.8 2 0
harmony-server/server/http/core/v1/embed.go:82.16,84.3 1 0
harmony-server/server/http/core/v1/updateguildname.go:19.57,23.89 3 0
harmony-server/server/http/core/v1/updateguildname.go:26.2,28.55 3 0
harmony-server/server/http/core/v1/updateguildname.go:37.2,37.12 1 0
harmony-server/server/http/core/v1/updateguildname.go:23.89,25.3 1 0
harmony-server/server/http/core/v1/updateguildname.go:28.55,36.3 1 0
harmony-server/server/http/profile/v1/getuser.go:12.49,21.55 4 0
harmony-server/server/http/profile/v1/getuser.go:24.2,24.42 1 0
harmony-server/server/http/profile/v1/getuser.go:21.55,23.3 1 0
harmony-server/server/http/validation.go:11.58,13.2 1 10
harmony-server/testing/mocklogger.go:8.47,9.16 1 0
harmony-server/testing/mocklogger.go:12.2,12.18 1 0
harmony-server/testing/mocklogger.go:9.16,11.3 1 0
harmony-server/testing/mocklogger.go:16.42,18.2 1 0
harmony-server/testing/mocklogger.go:21.38,23.2 1 0
harmony-server/server/http/core/v1/getinvites.go:13.52,17.16 3 0
harmony-server/server/http/core/v1/getinvites.go:21.2,22.34 1 0
harmony-server/server/http/core/v1/getinvites.go:17.16,20.3 2 0
harmony-server/server/http/core/v1/getinvites.go:22.34,23.35 1 0
harmony-server/server/http/core/v1/getinvites.go:36.4,36.10 1 0
harmony-server/server/http/core/v1/getinvites.go:23.35,27.25 1 0
harmony-server/server/http/core/v1/getinvites.go:27.25,28.36 1 0
harmony-server/server/http/core/v1/getinvites.go:31.7,31.16 1 0
harmony-server/server/http/core/v1/getinvites.go:28.36,30.8 1 0
harmony-server/server/http/socket/events/subscribetouserupdates.go:9.95,11.2 1 0
harmony-server/server/db/queries/users.sql.go:24.97,29.2 4 0
harmony-server/server/db/queries/users.sql.go:42.83,45.2 2 0
harmony-server/server/db/queries/users.sql.go:60.79,69.2 2 0
harmony-server/server/db/queries/users.sql.go:76.69,79.2 2 0
harmony-server/server/db/queries/users.sql.go:87.81,92.2 4 0
harmony-server/server/db/queries/users.sql.go:100.89,105.2 4 0
harmony-server/server/db/queries/users.sql.go:119.97,124.2 4 0
harmony-server/server/db/queries/users.sql.go:145.83,156.2 4 0
harmony-server/server/db/queries/users.sql.go:180.96,192.2 4 0
harmony-server/server/db/queries/users.sql.go:205.77,208.2 2 0
harmony-server/server/db/queries/users.sql.go:221.83,224.2 2 0
harmony-server/server/db/queries/users.sql.go:237.89,240.2 2 0
harmony-server/server/db/queries/users.sql.go:253.87,256.2 2 0
harmony-server/server/http/hm/locations.go:10.76,11.36 1 3
harmony-server/server/http/hm/locations.go:11.36,15.17 4 3
harmony-server/server/http/hm/locations.go:18.3,19.17 2 3
harmony-server/server/http/hm/locations.go:22.3,22.13 1 3
harmony-server/server/http/hm/locations.go:25.3,26.22 2 3
harmony-server/server/http/hm/locations.go:15.17,17.4 1 0
harmony-server/server/http/hm/locations.go:19.17,21.4 1 0
harmony-server/server/http/hm/locations.go:22.13,24.4 1 0
harmony-server/server/http/hm/locations.go:30.78,31.36 1 2
harmony-server/server/http/hm/locations.go:31.36,35.17 4 2
harmony-server/server/http/hm/locations.go:38.3,39.17 2 2
harmony-server/server/http/hm/locations.go:42.3,42.13 1 2
harmony-server/server/http/hm/locations.go:45.3,46.22 2 2
harmony-server/server/http/hm/locations.go:35.17,37.4 1 0
harmony-server/server/http/hm/locations.go:39.17,41.4 1 0
harmony-server/server/http/hm/locations.go:42.13,44.4 1 0
harmony-server/server/http/hm/locations.go:50.78,51.36 1 1
harmony-server/server/http/hm/locations.go:51.36,55.17 4 1
harmony-server/server/http/hm/locations.go:58.3,59.17 2 1
harmony-server/server/http/hm/locations.go:62.3,63.22 2 1
harmony-server/server/http/hm/locations.go:55.17,57.4 1 0
harmony-server/server/http/hm/locations.go:59.17,61.4 1 0
harmony-server/server/http/hm/locations.go:67.75,68.36 1 1
harmony-server/server/http/hm/locations.go:68.36,72.17 4 1
harmony-server/server/http/hm/locations.go:75.3,76.17 2 1
harmony-server/server/http/hm/locations.go:80.3,81.22 2 1
harmony-server/server/http/hm/locations.go:72.17,74.4 1 0
harmony-server/server/http/hm/locations.go:76.17,79.4 2 0
harmony-server/server/http/hm/permissions.go:19.99,20.57 1 1
harmony-server/server/http/hm/permissions.go:20.57,21.37 1 1
harmony-server/server/http/hm/permissions.go:21.37,24.18 3 1
harmony-server/server/http/hm/permissions.go:27.4,27.27 1 1
harmony-server/server/http/hm/permissions.go:30.4,30.16 1 0
harmony-server/server/http/hm/permissions.go:34.4,34.50 1 0
harmony-server/server/http/hm/permissions.go:24.18,26.5 1 0
harmony-server/server/http/hm/permissions.go:27.27,29.5 1 1
harmony-server/server/http/hm/permissions.go:31.22,32.24 1 0
harmony-server/server/http/hm/permissions.go:39.101,40.57 1 2
harmony-server/server/http/hm/permissions.go:40.57,41.37 1 2
harmony-server/server/http/hm/permissions.go:41.37,44.18 3 2
harmony-server/server/http/hm/permissions.go:47.4,47.27 1 2
harmony-server/server/http/hm/permissions.go:50.4,50.16 1 0
harmony-server/server/http/hm/permissions.go:54.4,54.50 1 0
harmony-server/server/http/hm/permissions.go:44.18,46.5 1 0
harmony-server/server/http/hm/permissions.go:47.27,49.5 1 2
harmony-server/server/http/hm/permissions.go:51.22,52.24 1 0
harmony-server/server/storage/storage.go:22.41,24.2 1 0
harmony-server/server/storage/storage.go:27.48,29.2 1 0
harmony-server/server/storage/storage.go:32.42,34.2 1 0
harmony-server/server/storage/storage.go:37.34,38.6 1 0
harmony-server/server/storage/storage.go:38.6,39.10 1 0
harmony-server/server/storage/storage.go:40.39,41.4 1 0
harmony-server/server/storage/storage.go:46.46,47.4 1 0
harmony-server/server/storage/storage.go:52.40,53.4 1 0
harmony-server/server/storage/storage.go:41.4,42.69 1 0
harmony-server/server/storage/storage.go:42.69,44.6 1 0
harmony-server/server/storage/storage.go:47.4,48.76 1 0
harmony-server/server/storage/storage.go:48.76,50.6 1 0
harmony-server/server/storage/storage.go:53.4,54.70 1 0
harmony-server/server/storage/storage.go:54.70,56.6 1 0
harmony-server/server/storage/storage.go:63.58,65.2 1 0
harmony-server/server/storage/storage.go:68.65,70.2 1 0
harmony-server/server/storage/storage.go:73.59,75.2 1 0
harmony-server/server/http/core/v1/getchannels.go:18.53,22.16 3 0
harmony-server/server/http/core/v1/getchannels.go:25.2,26.30 2 0
harmony-server/server/http/core/v1/getchannels.go:32.2,34.4 1 0
harmony-server/server/http/core/v1/getchannels.go:22.16,24.3 1 0
harmony-server/server/http/core/v1/getchannels.go:26.30,31.3 1 0
harmony-server/server/http/core/v1/getguild.go:13.50,17.16 3 0
harmony-server/server/http/core/v1/getguild.go:21.2,25.4 1 0
harmony-server/server/http/core/v1/getguild.go:17.16,19.3 1 0
harmony-server/server/http/responses/responses.go:23.58,31.2 1 1
harmony-server/server/http/responses/responses.go:33.58,41.2 1 0
harmony-server/server/http/responses/responses.go:43.80,53.2 1 1
harmony-server/server/config/config.go:124.30,130.45 6 0
harmony-server/server/config/config.go:136.2,137.67 2 0
harmony-server/server/config/config.go:140.2,140.46 1 0
harmony-server/server/config/config.go:148.2,149.18 2 0
harmony-server/server/config/config.go:130.45,131.49 1 0
harmony-server/server/config/config.go:134.3,134.18 1 0
harmony-server/server/config/config.go:131.49,133.4 1 0
harmony-server/server/config/config.go:137.67,139.3 1 0
harmony-server/server/config/config.go:140.46,142.68 2 0
harmony-server/server/config/config.go:146.3,146.71 1 0
harmony-server/server/config/config.go:142.68,145.4 2 0
harmony-server/server/http/profile/profile.go:33.35,47.2 4 0
harmony-server/server/http/socket/events/subscribe.go:18.88,20.52 2 0
harmony-server/server/http/socket/events/subscribe.go:24.2,25.16 2 0
harmony-server/server/http/socket/events/subscribe.go:29.2,30.28 2 0
harmony-server/server/http/socket/events/subscribe.go:34.2,35.16 2 0
harmony-server/server/http/socket/events/subscribe.go:40.2,40.30 1 0
harmony-server/server/http/socket/events/subscribe.go:53.2,53.68 1 0
harmony-server/server/http/socket/events/subscribe.go:20.52,23.3 2 0
harmony-server/server/http/socket/events/subscribe.go:25.16,28.3 2 0
harmony-server/server/http/socket/events/subscribe.go:30.28,33.3 2 0
harmony-server/server/http/socket/events/subscribe.go:35.16,39.3 3 0
harmony-server/server/http/socket/events/subscribe.go:40.30,41.32 1 0
harmony-server/server/http/socket/events/subscribe.go:41.32,49.4 4 0
harmony-server/server/http/socket/events/subscribe.go:49.9,51.4 1 0
harmony-server/server/http/socket/events/subscribe.go:53.68,56.3 2 0
harmony-server/server/http/socket/socket.go:31.46,37.44 2 0
harmony-server/server/http/socket/socket.go:47.2,48.10 2 0
harmony-server/server/http/socket/socket.go:37.44,39.5 1 0
harmony-server/server/http/socket/socket.go:52.81,54.16 2 0
harmony-server/server/http/socket/socket.go:58.2,67.10 4 0
harmony-server/server/http/socket/socket.go:54.16,57.3 2 0
harmony-server/server/db/queries/invites.sql.go:26.103,36.2 4 0
harmony-server/server/db/queries/invites.sql.go:43.85,45.16 2 0
harmony-server/server/db/queries/invites.sql.go:48.2,48.30 1 0
harmony-server/server/db/queries/invites.sql.go:45.16,47.3 1 0
harmony-server/server/db/queries/invites.sql.go:57.79,60.2 2 0
harmony-server/server/db/queries/invites.sql.go:68.86,70.16 2 0
harmony-server/server/db/queries/invites.sql.go:73.2,75.18 3 0
harmony-server/server/db/queries/invites.sql.go:87.2,87.37 1 0
harmony-server/server/db/queries/invites.sql.go:90.2,90.35 1 0
harmony-server/server/db/queries/invites.sql.go:93.2,93.19 1 0
harmony-server/server/db/queries/invites.sql.go:70.16,72.3 1 0
harmony-server/server/db/queries/invites.sql.go:75.18,82.17 2 0
harmony-server/server/db/queries/invites.sql.go:85.3,85.27 1 0
harmony-server/server/db/queries/invites.sql.go:82.17,84.4 1 0
harmony-server/server/db/queries/invites.sql.go:87.37,89.3 1 0
harmony-server/server/db/queries/invites.sql.go:90.35,92.3 1 0
harmony-server/server/db/queries/invites.sql.go:101.88,106.2 4 0
harmony-server/server/db/transactions.go:14.47,16.2 1 0
harmony-server/server/db/transactions.go:18.45,20.2 1 0
harmony-server/server/db/transactions.go:26.44,27.18 1 0
harmony-server/server/db/transactions.go:30.2,30.13 1 0
harmony-server/server/db/transactions.go:27.18,29.3 1 0
harmony-server/server/db/transactions.go:36.110,39.16 3 0
harmony-server/server/db/transactions.go:42.2,50.16 4 0
harmony-server/server/db/transactions.go:53.2,58.16 3 0
harmony-server/server/db/transactions.go:61.2,66.16 3 0
harmony-server/server/db/transactions.go:69.2,69.36 1 0
harmony-server/server/db/transactions.go:73.2,73.20 1 0
harmony-server/server/db/transactions.go:39.16,41.3 1 0
harmony-server/server/db/transactions.go:50.16,52.3 1 0
harmony-server/server/db/transactions.go:58.16,60.3 1 0
harmony-server/server/db/transactions.go:66.16,68.3 1 0
harmony-server/server/db/transactions.go:69.36,72.3 2 0
harmony-server/server/db/transactions.go:77.56,81.2 3 0
harmony-server/server/db/transactions.go:84.63,88.2 3 0
harmony-server/server/db/transactions.go:91.75,94.16 3 0
harmony-server/server/db/transactions.go:97.2,97.29 1 0
harmony-server/server/db/transactions.go:94.16,96.3 1 0
harmony-server/server/db/transactions.go:101.108,109.2 3 0
harmony-server/server/db/transactions.go:112.76,119.2 3 0
harmony-server/server/db/transactions.go:122.101,129.2 3 0
harmony-server/server/db/transactions.go:132.78,139.2 3 0
harmony-server/server/db/transactions.go:142.158,145.16 3 0
harmony-server/server/db/transactions.go:148.2,150.31 3 0
harmony-server/server/db/transactions.go:153.2,153.33 1 0
harmony-server/server/db/transactions.go:156.2,165.16 3 0
harmony-server/server/db/transactions.go:168.2,168.41 1 0
harmony-server/server/db/transactions.go:178.2,178.36 1 0
harmony-server/server/db/transactions.go:182.2,182.18 1 0
harmony-server/server/db/transactions.go:145.16,147.3 1 0
harmony-server/server/db/transactions.go:150.31,152.3 1 0
harmony-server/server/db/transactions.go:153.33,155.3 1 0
harmony-server/server/db/transactions.go:165.16,167.3 1 0
harmony-server/server/db/transactions.go:168.41,172.18 1 0
harmony-server/server/db/transactions.go:172.18,176.4 3 0
harmony-server/server/db/transactions.go:178.36,181.3 2 0
harmony-server/server/db/transactions.go:186.94,189.16 3 0
harmony-server/server/db/transactions.go:192.2,199.16 4 0
harmony-server/server/db/transactions.go:202.2,202.17 1 0
harmony-server/server/db/transactions.go:205.2,205.36 1 0
harmony-server/server/db/transactions.go:209.2,209.12 1 0
harmony-server/server/db/transactions.go:189.16,191.3 1 0
harmony-server/server/db/transactions.go:199.16,201.3 1 0
harmony-server/server/db/transactions.go:202.17,204.3 1 0
harmony-server/server/db/transactions.go:205.36,208.3 2 0
harmony-server/server/db/transactions.go:213.72,217.2 3 0
harmony-server/server/db/transactions.go:220.70,224.2 3 0
harmony-server/server/db/transactions.go:227.61,231.2 3 0
harmony-server/server/db/transactions.go:234.58,237.16 3 0
harmony-server/server/db/transactions.go:240.2,243.16 4 0
harmony-server/server/db/transactions.go:246.2,246.14 1 0
harmony-server/server/db/transactions.go:249.2,249.36 1 0
harmony-server/server/db/transactions.go:253.2,253.12 1 0
harmony-server/server/db/transactions.go:237.16,239.3 1 0
harmony-server/server/db/transactions.go:243.16,245.3 1 0
harmony-server/server/db/transactions.go:246.14,248.3 1 0
harmony-server/server/db/transactions.go:249.36,252.3 2 0
harmony-server/server/db/transactions.go:257.70,260.20 3 0
harmony-server/server/db/transactions.go:267.2,267.15 1 0
harmony-server/server/db/transactions.go:260.20,262.17 2 0
harmony-server/server/db/transactions.go:265.3,265.21 1 0
harmony-server/server/db/transactions.go:262.17,264.4 1 0
harmony-server/server/db/transactions.go:271.79,278.2 3 0
harmony-server/server/db/transactions.go:281.73,285.2 3 0
harmony-server/server/db/transactions.go:288.74,292.2 3 0
harmony-server/server/db/transactions.go:295.95,299.2 3 0
harmony-server/server/db/transactions.go:302.117,311.2 3 0
harmony-server/server/db/transactions.go:314.76,321.2 3 0
harmony-server/server/db/transactions.go:324.70,326.16 2 0
harmony-server/server/db/transactions.go:329.2,329.17 1 0
harmony-server/server/db/transactions.go:326.16,328.3 1 0
harmony-server/server/db/transactions.go:333.79,340.2 3 0
harmony-server/server/db/transactions.go:343.83,346.16 3 0
harmony-server/server/db/transactions.go:349.2,350.32 2 0
harmony-server/server/db/transactions.go:361.2,361.36 1 0
harmony-server/server/db/transactions.go:365.2,365.12 1 0
harmony-server/server/db/transactions.go:346.16,348.3 1 0
harmony-server/server/db/transactions.go:350.32,355.17 2 0
harmony-server/server/db/transactions.go:355.17,359.4 3 0
harmony-server/server/db/transactions.go:361.36,364.3 2 0
harmony-server/server/db/transactions.go:369.75,373.2 3 0
harmony-server/server/db/transactions.go:376.65,383.2 3 0
harmony-server/server/db/transactions.go:386.69,388.2 1 0
harmony-server/server/db/transactions.go:391.82,393.2 1 0
harmony-server/server/db/transactions.go:396.71,398.2 1 0
harmony-server/server/db/transactions.go:401.76,403.2 1 0
harmony-server/server/db/transactions.go:406.86,408.2 1 0
harmony-server/server/db/transactions.go:411.77,413.2 1 0
harmony-server/server/db/transactions.go:416.70,423.2 2 0
harmony-server/server/db/transactions.go:426.99,431.2 1 0
harmony-server/server/db/transactions.go:434.101,437.16 3 0
harmony-server/server/db/transactions.go:440.2,441.48 2 0
harmony-server/server/db/transactions.go:444.2,448.17 1 0
harmony-server/server/db/transactions.go:451.2,457.17 1 0
harmony-server/server/db/transactions.go:460.2,460.36 1 0
harmony-server/server/db/transactions.go:463.2,463.12 1 0
harmony-server/server/db/transactions.go:437.16,439.3 1 0
harmony-server/server/db/transactions.go:441.48,443.3 1 0
harmony-server/server/db/transactions.go:448.17,450.3 1 0
harmony-server/server/db/transactions.go:457.17,459.3 1 0
harmony-server/server/db/transactions.go:460.36,462.3 1 0
harmony-server/server/db/transactions.go:467.125,470.16 3 0
harmony-server/server/db/transactions.go:473.2,474.53 2 0
harmony-server/server/db/transactions.go:477.2,482.17 1 0
harmony-server/server/db/transactions.go:485.2,489.17 1 0
harmony-server/server/db/transactions.go:492.2,492.36 1 0
harmony-server/server/db/transactions.go:498.2,498.20 1 0
harmony-server/server/db/transactions.go:470.16,472.3 1 0
harmony-server/server/db/transactions.go:474.53,476.3 1 0
harmony-server/server/db/transactions.go:482.17,484.3 1 0
harmony-server/server/db/transactions.go:489.17,491.3 1 0
harmony-server/server/db/transactions.go:492.36,493.39 1 0
harmony-server/server/db/transactions.go:496.3,496.16 1 0
harmony-server/server/db/transactions.go:493.39,495.4 1 0
harmony-server/server/db/transactions.go:501.62,504.2 2 0
harmony-server/server/db/transactions.go:506.45,507.80 1 0
harmony-server/server/db/transactions.go:510.2,510.12 1 0
harmony-server/server/db/transactions.go:507.80,509.3 1 0
harmony-server/server/db/transactions.go:513.75,518.2 1 0
harmony-server/server/db/transactions.go:520.71,522.2 1 0
harmony-server/server/db/transactions.go:524.71,529.2 1 0
harmony-server/server/db/transactions.go:531.77,536.2 1 0
harmony-server/server/db/transactions.go:538.67,541.2 2 0
harmony-server/server/db/transactions.go:543.80,549.2 2 0
harmony-server/server/db/transactions.go:551.68,556.2 1 0
harmony-server/server/db/transactions.go:558.69,560.2 1 0
harmony-server/server/db/transactions.go:562.74,564.2 1 0
harmony-server/server/db/transactions.go:566.117,569.16 3 0
harmony-server/server/db/transactions.go:572.2,575.20 4 0
harmony-server/server/db/transactions.go:585.2,585.19 1 0
harmony-server/server/db/transactions.go:599.2,599.20 1 0
harmony-server/server/db/transactions.go:613.2,613.18 1 0
harmony-server/server/db/transactions.go:619.2,619.36 1 0
harmony-server/server/db/transactions.go:622.2,622.22 1 0
harmony-server/server/db/transactions.go:569.16,571.3 1 0
harmony-server/server/db/transactions.go:575.20,576.26 1 0
harmony-server/server/db/transactions.go:576.26,583.4 3 0
harmony-server/server/db/transactions.go:585.19,586.26 1 0
harmony-server/server/db/transactions.go:586.26,588.34 2 0
harmony-server/server/db/transactions.go:591.4,596.14 3 0
harmony-server/server/db/transactions.go:588.34,590.5 1 0
harmony-server/server/db/transactions.go:599.20,600.26 1 0
harmony-server/server/db/transactions.go:600.26,602.36 2 0
harmony-server/server/db/transactions.go:605.4,610.14 3 0
harmony-server/server/db/transactions.go:602.36,604.5 1 0
harmony-server/server/db/transactions.go:613.18,614.39 1 0
harmony-server/server/db/transactions.go:617.3,617.28 1 0
harmony-server/server/db/transactions.go:614.39,616.4 1 0
harmony-server/server/db/transactions.go:619.36,621.3 1 0
harmony-server/server/db/transactions.go:625.72,630.2 1 0
harmony-server/server/http/core/v1/createinvite.go:17.40,18.19 1 0
harmony-server/server/http/core/v1/createinvite.go:21.2,21.23 1 0
harmony-server/server/http/core/v1/createinvite.go:18.19,20.3 1 0
harmony-server/server/http/core/v1/createinvite.go:25.54,30.16 4 0
harmony-server/server/http/core/v1/createinvite.go:34.2,38.4 1 0
harmony-server/server/http/core/v1/createinvite.go:30.16,33.3 2 0
harmony-server/server/http/core/v1/joinguild.go:19.51,23.16 4 0
harmony-server/server/http/core/v1/joinguild.go:26.2,26.72 1 0
harmony-server/server/http/core/v1/joinguild.go:30.2,30.67 1 0
harmony-server/server/http/core/v1/joinguild.go:34.2,36.4 1 0
harmony-server/server/http/core/v1/joinguild.go:23.16,25.3 1 0
harmony-server/server/http/core/v1/joinguild.go:26.72,29.3 2 0
harmony-server/server/http/core/v1/joinguild.go:30.67,33.3 2 0
harmony-server/server/http/core/v1/v1.go:35.40,39.2 1 0
harmony-server/server/http/core/v1/v1.go:42.48,281.2 1 0
harmony-server/server/http/http.go:47.38,105.2 14 0
harmony-server/server/db/queries/sessions.sql.go:24.79,27.2 2 0
harmony-server/server/db/queries/sessions.sql.go:35.79,38.2 2 0
harmony-server/server/db/queries/sessions.sql.go:46.88,51.2 4 0
harmony-server/server/http/socket/client/event.go:20.87,26.2 1 0
harmony-server/server/http/socket/client/event.go:29.28,31.2 1 0
harmony-server/testing/mockdb.go:29.35,30.23 1 0
harmony-server/testing/mockdb.go:33.42,34.23 1 0
harmony-server/testing/mockdb.go:37.53,38.23 1 0
harmony-server/testing/mockdb.go:41.60,42.28 1 3
harmony-server/testing/mockdb.go:45.2,45.18 1 3
harmony-server/testing/mockdb.go:42.28,44.3 1 0
harmony-server/testing/mockdb.go:48.72,49.23 1 0
harmony-server/testing/mockdb.go:52.105,53.23 1 0
harmony-server/testing/mockdb.go:56.73,57.23 1 0
harmony-server/testing/mockdb.go:60.98,61.23 1 0
harmony-server/testing/mockdb.go:64.75,65.23 1 0
harmony-server/testing/mockdb.go:68.155,69.23 1 0
harmony-server/testing/mockdb.go:72.91,73.23 1 0
harmony-server/testing/mockdb.go:76.69,77.23 1 0
harmony-server/testing/mockdb.go:80.67,81.23 1 0
harmony-server/testing/mockdb.go:84.58,85.23 1 0
harmony-server/testing/mockdb.go:88.55,89.23 1 0
harmony-server/testing/mockdb.go:92.67,93.35 1 5
harmony-server/testing/mockdb.go:96.2,96.18 1 5
harmony-server/testing/mockdb.go:93.35,95.3 1 0
harmony-server/testing/mockdb.go:99.76,100.23 1 0
harmony-server/testing/mockdb.go:103.70,104.23 1 0
harmony-server/testing/mockdb.go:107.71,108.23 1 0
harmony-server/testing/mockdb.go:111.92,112.23 1 0
harmony-server/testing/mockdb.go:115.114,116.23 1 0
harmony-server/testing/mockdb.go:119.73,120.23 1 0
harmony-server/testing/mockdb.go:123.67,124.23 1 0
harmony-server/testing/mockdb.go:127.76,128.23 1 0
harmony-server/testing/mockdb.go:131.80,132.23 1 0
harmony-server/testing/mockdb.go:135.72,136.23 1 0
harmony-server/testing/mockdb.go:139.62,140.23 1 0
harmony-server/testing/mockdb.go:143.66,144.23 1 0
harmony-server/testing/mockdb.go:147.79,148.23 1 0
harmony-server/testing/mockdb.go:151.68,152.23 1 0
harmony-server/testing/mockdb.go:155.73,156.30 1 1
harmony-server/testing/mockdb.go:159.2,159.31 1 1
harmony-server/testing/mockdb.go:156.30,158.3 1 0
harmony-server/testing/mockdb.go:162.83,163.23 1 0
harmony-server/testing/mockdb.go:166.74,167.31 1 1
harmony-server/testing/mockdb.go:170.2,170.34 1 1
harmony-server/testing/mockdb.go:167.31,169.3 1 0
harmony-server/testing/mockdb.go:173.67,174.30 1 1
harmony-server/testing/mockdb.go:177.2,177.12 1 1
harmony-server/testing/mockdb.go:174.30,176.3 1 0
harmony-server/testing/mockdb.go:180.96,181.23 1 0
harmony-server/testing/mockdb.go:184.98,185.32 1 1
harmony-server/testing/mockdb.go:188.2,188.12 1 1
harmony-server/testing/mockdb.go:185.32,187.3 1 0
harmony-server/testing/mockdb.go:191.122,192.23 1 0
harmony-server/testing/mockdb.go:195.59,196.31 1 1
harmony-server/testing/mockdb.go:196.31,198.3 1 0
harmony-server/testing/mockdb.go:198.8,200.3 1 1
harmony-server/testing/mockdb.go:203.42,204.23 1 0
harmony-server/testing/mockdb.go:207.72,208.23 1 0
harmony-server/testing/mockdb.go:211.68,212.23 1 0
harmony-server/testing/mockdb.go:215.68,216.23 1 0
harmony-server/testing/mockdb.go:219.74,220.23 1 0
harmony-server/testing/mockdb.go:223.64,224.34 1 3
harmony-server/testing/mockdb.go:227.2,227.18 1 3
harmony-server/testing/mockdb.go:224.34,226.3 1 0
harmony-server/testing/mockdb.go:230.77,231.31 1 2
harmony-server/testing/mockdb.go:234.2,234.18 1 2
harmony-server/testing/mockdb.go:231.31,233.3 1 0
harmony-server/testing/mockdb.go:237.65,238.23 1 0
harmony-server/testing/mockdb.go:241.66,242.23 1 0
harmony-server/testing/mockdb.go:245.71,246.23 1 0
harmony-server/testing/mockdb.go:249.114,250.23 1 0
harmony-server/testing/mockdb.go:253.72,254.23 1 0
harmony-server/testing/mockdb.go:258.107,259.31 1 0
harmony-server/testing/mockdb.go:262.2,267.8 1 0
harmony-server/testing/mockdb.go:259.31,261.3 1 0
harmony-server/server/logger/logger.go:24.38,28.2 1 0
harmony-server/server/logger/logger.go:31.43,32.16 1 0
harmony-server/server/logger/logger.go:35.2,35.18 1 0
harmony-server/server/logger/logger.go:32.16,34.3 1 0
harmony-server/server/logger/logger.go:39.38,40.16 1 0
harmony-server/server/logger/logger.go:43.2,43.29 1 0
harmony-server/server/logger/logger.go:46.2,46.31 1 0
harmony-server/server/logger/logger.go:40.16,42.3 1 0
harmony-server/server/logger/logger.go:43.29,45.3 1 0
harmony-server/server/logger/logger.go:46.31,48.3 1 0
harmony-server/server/logger/logger.go:52.34,55.2 2 0
harmony-server/server/auth/auth.go:38.45,43.16 3 0
harmony-server/server/auth/auth.go:46.2,47.16 2 0
harmony-server/server/auth/auth.go:50.2,51.16 2 0
harmony-server/server/auth/auth.go:54.2,55.16 2 0
harmony-server/server/auth/auth.go:58.2,58.15 1 0
harmony-server/server/auth/auth.go:43.16,45.3 1 0
harmony-server/server/auth/auth.go:47.16,49.3 1 0
harmony-server/server/auth/auth.go:51.16,53.3 1 0
harmony-server/server/auth/auth.go:55.16,57.3 1 0
harmony-server/server/auth/auth.go:61.103,69.2 2 0
harmony-server/server/auth/auth.go:72.62,74.16 2 0
harmony-server/server/auth/auth.go:77.2,79.16 3 0
harmony-server/server/auth/auth.go:82.2,83.16 2 0
harmony-server/server/auth/auth.go:86.2,86.42 1 0
harmony-server/server/auth/auth.go:89.2,89.18 1 0
harmony-server/server/auth/auth.go:74.16,76.3 1 0
harmony-server/server/auth/auth.go:79.16,81.3 1 0
harmony-server/server/auth/auth.go:83.16,85.3 1 0
harmony-server/server/auth/auth.go:86.42,88.3 1 0
harmony-server/server/http/hm/ratelimit.go:18.37,19.6 1 2
harmony-server/server/http/hm/ratelimit.go:19.6,22.37 3 2
harmony-server/server/http/hm/ratelimit.go:29.3,29.22 1 0
harmony-server/server/http/hm/ratelimit.go:22.37,23.28 1 0
harmony-server/server/http/hm/ratelimit.go:23.28,24.47 1 0
harmony-server/server/http/hm/ratelimit.go:24.47,26.6 1 0
harmony-server/server/http/hm/ratelimit.go:34.88,35.57 1 4
harmony-server/server/http/hm/ratelimit.go:35.57,36.37 1 4
harmony-server/server/http/hm/ratelimit.go:36.37,40.4 3 4
harmony-server/server/http/hm/ratelimit.go:45.107,48.46 3 4
harmony-server/server/http/hm/ratelimit.go:51.2,51.50 1 4
harmony-server/server/http/hm/ratelimit.go:48.46,50.3 1 1
harmony-server/server/http/hm/ratelimit.go:51.50,58.3 3 1
harmony-server/server/http/hm/ratelimit.go:58.8,60.3 1 3
